[debug] [2022-11-24T22:52:08.608Z] ----------------------------------------------------------------------
[debug] [2022-11-24T22:52:08.610Z] Command:       C:\Program Files\nodejs\node.exe C:\Users\mdabd\AppData\Roaming\npm\node_modules\firebase-tools\lib\bin\firebase.js init
[debug] [2022-11-24T22:52:08.611Z] CLI Version:   11.16.0
[debug] [2022-11-24T22:52:08.611Z] Platform:      win32
[debug] [2022-11-24T22:52:08.611Z] Node Version:  v16.17.0
[debug] [2022-11-24T22:52:08.618Z] Time:          Fri Nov 25 2022 04:52:08 GMT+0600 (Bangladesh Standard Time)
[debug] [2022-11-24T22:52:08.619Z] ----------------------------------------------------------------------
[debug] 
[debug] [2022-11-24T22:52:08.623Z] >>> [apiv2][query] GET https://firebase-public.firebaseio.com/cli.json [none]
[debug] [2022-11-24T22:52:08.646Z] > command requires scopes: ["email","openid","https://www.googleapis.com/auth/cloudplatformprojects.readonly","https://www.googleapis.com/auth/firebase","https://www.googleapis.com/auth/cloud-platform"]
[debug] [2022-11-24T22:52:08.647Z] > authorizing via signed-in user (mdabdullahalmamun369@gmail.com)
[info] 
     ######## #### ########  ######## ########     ###     ######  ########
     ##        ##  ##     ## ##       ##     ##  ##   ##  ##       ##
     ######    ##  ########  ######   ########  #########  ######  ######
     ##        ##  ##    ##  ##       ##     ## ##     ##       ## ##
     ##       #### ##     ## ######## ########  ##     ##  ######  ########

You're about to initialize a Firebase project in this directory:

  E:\Development\Programming Hero\Projects\JS-Website\Assignment-12\furniture-client

[debug] [2022-11-24T22:52:09.386Z] <<< [apiv2][status] GET https://firebase-public.firebaseio.com/cli.json 200
[debug] [2022-11-24T22:52:09.386Z] <<< [apiv2][body] GET https://firebase-public.firebaseio.com/cli.json {"cloudBuildErrorAfter":1594252800000,"cloudBuildWarnAfter":1590019200000,"defaultNode10After":1594252800000,"minVersion":"3.0.5","node8DeploysDisabledAfter":1613390400000,"node8RuntimeDisabledAfter":1615809600000,"node8WarnAfter":1600128000000}
[info] 
=== Project Setup
[info] 
[info] First, let's associate this project directory with a Firebase project.
[info] You can create multiple project aliases by running firebase use --add, 
[info] but for now we'll just set up a default project.
[info] 
